osmdroid-android/build/outputs/logs/manifest-merger-debug-report.txt
-- Merging decision tree log ---
manifest
ADDED from src\main\AndroidManifest.xml:2:1-15:12
INJECTED from src\main\AndroidManifest.xml:2:1-15:12
INJECTED from src\main\AndroidManifest.xml:2:1-15:12
INJECTED from src\main\AndroidManifest.xml:2:1-15:12
INJECTED from src\main\AndroidManifest.xml:2:1-15:12
INJECTED from src\main\AndroidManifest.xml:2:1-15:12
INJECTED from src\main\AndroidManifest.xml:2:1-15:12
	package
		ADDED from src\main\AndroidManifest.xml:3:3-33
		INJECTED from src\main\AndroidManifest.xml
		INJECTED from src\main\AndroidManifest.xml
	android:versionName
		INJECTED from src\main\AndroidManifest.xml
		ADDED from src\main\AndroidManifest.xml:2:1-15:12
		INJECTED from src\main\AndroidManifest.xml
	android:versionCode
		INJECTED from src\main\AndroidManifest.xml
		ADDED from src\main\AndroidManifest.xml:2:1-15:12
		INJECTED from src\main\AndroidManifest.xml
	xmlns:android
		ADDED from src\main\AndroidManifest.xml:2:11-69
supports-screens
ADDED from src\main\AndroidManifest.xml:4:2-105
	android:largeScreens
		ADDED from src\main\AndroidManifest.xml:4:20-47
	android:normalScreens
		ADDED from src\main\AndroidManifest.xml:4:48-76
	android:anyDensity
		ADDED from src\main\AndroidManifest.xml:4:77-102
uses-feature#android.hardware.location.network
ADDED from src\main\AndroidManifest.xml:6:2-92
	android:required
		ADDED from src\main\AndroidManifest.xml:6:65-89
	android:name
		ADDED from src\main\AndroidManifest.xml:6:16-64
uses-feature#android.hardware.location.gps
ADDED from src\main\AndroidManifest.xml:7:2-88
	android:required
		ADDED from src\main\AndroidManifest.xml:7:61-85
	android:name
		ADDED from src\main\AndroidManifest.xml:7:16-60
uses-feature#android.hardware.telephony
ADDED from src\main\AndroidManifest.xml:8:2-85
	android:required
		ADDED from src\main\AndroidManifest.xml:8:58-82
	android:name
		ADDED from src\main\AndroidManifest.xml:8:16-57
uses-feature#android.hardware.wifi
ADDED from src\main\AndroidManifest.xml:9:2-80
	android:required
		ADDED from src\main\AndroidManifest.xml:9:53-77
	android:name
		ADDED from src\main\AndroidManifest.xml:9:16-52
uses-permission#android.permission.ACCESS_COARSE_LOCATION
ADDED from src\main\AndroidManifest.xml:11:5-81
	android:name
		ADDED from src\main\AndroidManifest.xml:11:22-78
uses-permission#android.permission.ACCESS_FINE_LOCATION
ADDED from src\main\AndroidManifest.xml:12:2-76
	android:name
		ADDED from src\main\AndroidManifest.xml:12:19-73
uses-sdk
INJECTED from src\main\AndroidManifest.xml reason: use-sdk injection requested
INJECTED from src\main\AndroidManifest.xml
INJECTED from src\main\AndroidManifest.xml
INJECTED from src\main\AndroidManifest.xml
INJECTED from src\main\AndroidManifest.xml
	android:targetSdkVersion
		INJECTED from src\main\AndroidManifest.xml
		ADDED from src\main\AndroidManifest.xml
		INJECTED from src\main\AndroidManifest.xml
	android:minSdkVersion
		INJECTED from src\main\AndroidManifest.xml
		ADDED from src\main\AndroidManifest.xml
		INJECTED from src\main\AndroidManifest.xml